#
# There is insufficient memory for the Java Runtime Environment to continue.
# Native memory allocation (mmap) failed to map 134217728 bytes for Failed to commit area from 0x0000000081a00000 to 0x0000000089a00000 of length 134217728.
# Possible reasons:
#   The system is out of physical RAM or swap space
#   The process is running with CompressedOops enabled, and the Java Heap may be blocking the growth of the native heap
# Possible solutions:
#   Reduce memory load on the system
#   Increase physical memory or swap space
#   Check if swap backing store is full
#   Decrease Java heap size (-Xmx/-Xms)
#   Decrease number of Java threads
#   Decrease Java thread stack sizes (-Xss)
#   Set larger code cache with -XX:ReservedCodeCacheSize=
# This output file may be truncated or incomplete.
#
#  Out of Memory Error (c:/BuildAgent/work/5ff2f6c26000d570/src/hotspot/os/windows/os_windows.cpp:3291), pid=19128, tid=17520
#
# JRE version:  (11.0.5+10) (build )
# Java VM: OpenJDK 64-Bit Server VM (11.0.5+10-b520.38, mixed mode, aot, sharing, tiered, compressed oops, g1 gc, windows-amd64)
# No core dump will be written. Minidumps are not enabled by default on client versions of Windows
#

---------------  S U M M A R Y ------------

Command Line: org.jetbrains.git4idea.http.GitAskPassApp Username for 'https://github.com': 

Host: Intel(R) Core(TM) i5-8300H CPU @ 2.30GHz, 8 cores, 7G,  Windows 10 , 64 bit Build 18362 (10.0.18362.329)
Time: Sat Mar 14 20:01:06 2020 Central America Standard Time elapsed time: 0 seconds (0d 0h 0m 0s)

---------------  T H R E A D  ---------------

Current thread (0x000001fb28cfb000):  JavaThread "Unknown thread" [_thread_in_vm, id=17520, stack(0x000000a58d300000,0x000000a58d400000)]

Stack: [0x000000a58d300000,0x000000a58d400000]
Native frames: (J=compiled Java code, j=interpreted, Vv=VM code, C=native code)
V  [jvm.dll+0x5dcafa]
V  [jvm.dll+0x70e375]
V  [jvm.dll+0x70f898]
V  [jvm.dll+0x70ff63]
V  [jvm.dll+0x23e238]
V  [jvm.dll+0x5da1c4]
V  [jvm.dll+0x5cf265]
V  [jvm.dll+0x2fac3b]
V  [jvm.dll+0x2fabaa]
V  [jvm.dll+0x2faa82]
V  [jvm.dll+0x2ff956]
V  [jvm.dll+0x3480d3]
V  [jvm.dll+0x3487d6]
V  [jvm.dll+0x3481d3]
V  [jvm.dll+0x2d5548]
V  [jvm.dll+0x2d66e7]
V  [jvm.dll+0x6ed237]
V  [jvm.dll+0x6eea2c]
V  [jvm.dll+0x355849]
V  [jvm.dll+0x6d239e]
V  [jvm.dll+0x3be283]
V  [jvm.dll+0x3c0701]
C  [jli.dll+0x5363]
C  [ucrtbase.dll+0x20e72]
C  [KERNEL32.DLL+0x17bd4]
C  [ntdll.dll+0x6ced1]


---------------  P R O C E S S  ---------------

Threads class SMR info:
_java_thread_list=0x000001fb26a26f30, length=0, elements={
}

Java Threads: ( => current thread )

Other Threads:
  0x000001fb28d15000 GCTaskThread "GC Thread#0" [stack: 0x000000a58d400000,0x000000a58d500000] [id=13884]
  0x000001fb28d45000 ConcurrentGCThread "G1 Main Marker" [stack: 0x000000a58d500000,0x000000a58d600000] [id=16732]
  0x000001fb28d46000 ConcurrentGCThread "G1 Conc#0" [stack: 0x000000a58d600000,0x000000a58d700000] [id=9660]

[error occurred during error reporting (printing all threads), id 0xc0000005, EXCEPTION_ACCESS_VIOLATION (0xc0000005) at pc=0x00007ffb49395c17]

VM state:not at safepoint (not fully initialized)

VM Mutex/Monitor currently owned by a thread:  ([mutex/lock_event])
[0x000001fb28cf5ed0] Heap_lock - owner thread: 0x000001fb28cfb000

Heap address: 0x0000000081a00000, size: 2022 MB, Compressed Oops mode: Non-zero based: 0x0000000081a00000
Narrow klass base: 0x0000000000000000, Narrow klass shift: 0

GC Heap History (0 events):
No events

Deoptimization events (0 events):
No events

Classes redefined (0 events):
No events

Internal exceptions (0 events):
No events

Events (0 events):
No events


Dynamic libraries:
0x00007ff7ba2f0000 - 0x00007ff7ba2fa000 	C:\Users\carlo\AppData\Local\JetBrains\Toolbox\apps\CLion\ch-0\193.6494.38\jbr\bin\java.exe
0x00007ffb95660000 - 0x00007ffb95850000 	C:\Windows\SYSTEM32\ntdll.dll
0x00007ffb94580000 - 0x00007ffb94632000 	C:\Windows\System32\KERNEL32.DLL
0x00007ffb927f0000 - 0x00007ffb92a93000 	C:\Windows\System32\KERNELBASE.dll
0x00007ffb935c0000 - 0x00007ffb936ba000 	C:\Windows\System32\ucrtbase.dll
0x00007ffb8cb30000 - 0x00007ffb8cb49000 	C:\Users\carlo\AppData\Local\JetBrains\Toolbox\apps\CLion\ch-0\193.6494.38\jbr\bin\jli.dll
0x00007ffb8ae00000 - 0x00007ffb8ae17000 	C:\Users\carlo\AppData\Local\JetBrains\Toolbox\apps\CLion\ch-0\193.6494.38\jbr\bin\VCRUNTIME140.dll
0x00007ffb94970000 - 0x00007ffb94b04000 	C:\Windows\System32\USER32.dll
0x00007ffb84460000 - 0x00007ffb846e5000 	C:\Windows\WinSxS\amd64_microsoft.windows.common-controls_6595b64144ccf1df_6.0.18362.719_none_e6c7b883130c6729\COMCTL32.dll
0x00007ffb936c0000 - 0x00007ffb936e1000 	C:\Windows\System32\win32u.dll
0x00007ffb944d0000 - 0x00007ffb9456e000 	C:\Windows\System32\msvcrt.dll
0x00007ffb94ce0000 - 0x00007ffb94d06000 	C:\Windows\System32\GDI32.dll
0x00007ffb93ff0000 - 0x00007ffb94326000 	C:\Windows\System32\combase.dll
0x00007ffb92aa0000 - 0x00007ffb92c34000 	C:\Windows\System32\gdi32full.dll
0x00007ffb93710000 - 0x00007ffb93830000 	C:\Windows\System32\RPCRT4.dll
0x00007ffb92da0000 - 0x00007ffb92e3e000 	C:\Windows\System32\msvcp_win.dll
0x00007ffb92d20000 - 0x00007ffb92da0000 	C:\Windows\System32\bcryptPrimitives.dll
0x00007ffb94e00000 - 0x00007ffb94e2e000 	C:\Windows\System32\IMM32.DLL
0x00007ffb6ffe0000 - 0x00007ffb7007d000 	C:\Users\carlo\AppData\Local\JetBrains\Toolbox\apps\CLion\ch-0\193.6494.38\jbr\bin\msvcp140.dll
0x00007ffb490b0000 - 0x00007ffb49b6b000 	C:\Users\carlo\AppData\Local\JetBrains\Toolbox\apps\CLion\ch-0\193.6494.38\jbr\bin\server\jvm.dll
0x00007ffb94640000 - 0x00007ffb946e3000 	C:\Windows\System32\ADVAPI32.dll
0x00007ffb95110000 - 0x00007ffb951a7000 	C:\Windows\System32\sechost.dll
0x00007ffb94b10000 - 0x00007ffb94b18000 	C:\Windows\System32\PSAPI.DLL
0x00007ffb8a200000 - 0x00007ffb8a20a000 	C:\Windows\SYSTEM32\VERSION.dll
0x00007ffb8dee0000 - 0x00007ffb8dee9000 	C:\Windows\SYSTEM32\WSOCK32.dll
0x00007ffb87080000 - 0x00007ffb870a4000 	C:\Windows\SYSTEM32\WINMM.dll
0x00007ffb946f0000 - 0x00007ffb9475f000 	C:\Windows\System32\WS2_32.dll
0x00007ffb86a90000 - 0x00007ffb86abd000 	C:\Windows\SYSTEM32\winmmbase.dll
0x00007ffb92c40000 - 0x00007ffb92c8a000 	C:\Windows\System32\cfgmgr32.dll
0x00007ffb92580000 - 0x00007ffb92591000 	C:\Windows\System32\kernel.appcore.dll
0x00007ffb6ffb0000 - 0x00007ffb6ffc1000 	C:\Users\carlo\AppData\Local\JetBrains\Toolbox\apps\CLion\ch-0\193.6494.38\jbr\bin\verify.dll
0x00007ffb90120000 - 0x00007ffb90314000 	C:\Windows\SYSTEM32\DBGHELP.DLL
0x00007ffb87eb0000 - 0x00007ffb87eda000 	C:\Windows\SYSTEM32\dbgcore.DLL
0x00007ffb63130000 - 0x00007ffb63159000 	C:\Users\carlo\AppData\Local\JetBrains\Toolbox\apps\CLion\ch-0\193.6494.38\jbr\bin\java.dll
0x00007ffb6af70000 - 0x00007ffb6af87000 	C:\Users\carlo\AppData\Local\JetBrains\Toolbox\apps\CLion\ch-0\193.6494.38\jbr\bin\zip.dll
0x00007ffb8b830000 - 0x00007ffb8b83b000 	C:\Users\carlo\AppData\Local\JetBrains\Toolbox\apps\CLion\ch-0\193.6494.38\jbr\bin\jimage.dll

dbghelp: loaded successfully - version: 4.0.5 - missing functions: none
symbol engine: initialized successfully - sym options: 0x614 - pdb path: .;C:\Users\carlo\AppData\Local\JetBrains\Toolbox\apps\CLion\ch-0\193.6494.38\jbr\bin;C:\Windows\SYSTEM32;C:\Windows\WinSxS\amd64_microsoft.windows.common-controls_6595b64144ccf1df_6.0.18362.719_none_e6c7b883130c6729;C:\Users\carlo\AppData\Local\JetBrains\Toolbox\apps\CLion\ch-0\193.6494.38\jbr\bin\server

VM Arguments:
java_command: org.jetbrains.git4idea.http.GitAskPassApp Username for 'https://github.com': 
java_class_path (initial): C:/Users/carlo/AppData/Local/JetBrains/Toolbox/apps/CLion/ch-0/193.6494.38/plugins/git4idea/lib/git4idea-rt.jar;C:/Users/carlo/AppData/Local/JetBrains/Toolbox/apps/CLion/ch-0/193.6494.38/lib/xmlrpc-2.0.1.jar;C:/Users/carlo/AppData/Local/JetBrains/Toolbox/apps/CLion/ch-0/193.6494.38/lib/commons-codec-1.13.jar;C:/Users/carlo/AppData/Local/JetBrains/Toolbox/apps/CLion/ch-0/193.6494.38/lib/util.jar
Launcher Type: SUN_STANDARD

[Global flags]
     intx CICompilerCount                          = 4                                         {product} {ergonomic}
     uint ConcGCThreads                            = 2                                         {product} {ergonomic}
     uint G1ConcRefinementThreads                  = 8                                         {product} {ergonomic}
   size_t G1HeapRegionSize                         = 1048576                                   {product} {ergonomic}
    uintx GCDrainStackTargetSize                   = 64                                        {product} {ergonomic}
   size_t InitialHeapSize                          = 134217728                                 {product} {ergonomic}
   size_t MarkStackSize                            = 4194304                                   {product} {ergonomic}
   size_t MaxHeapSize                              = 2120220672                                {product} {ergonomic}
   size_t MinHeapDeltaBytes                        = 1048576                                   {product} {ergonomic}
    uintx NonNMethodCodeHeapSize                   = 5836300                                {pd product} {ergonomic}
    uintx NonProfiledCodeHeapSize                  = 122910970                              {pd product} {ergonomic}
    uintx ProfiledCodeHeapSize                     = 122910970                              {pd product} {ergonomic}
    uintx ReservedCodeCacheSize                    = 251658240                              {pd product} {ergonomic}
     bool SegmentedCodeCache                       = true                                      {product} {ergonomic}
     bool UseCompressedClassPointers               = true                                 {lp64_product} {ergonomic}
     bool UseCompressedOops                        = true                                 {lp64_product} {ergonomic}
     bool UseG1GC                                  = true                                      {product} {ergonomic}
     bool UseLargePagesIndividualAllocation        = false                                  {pd product} {ergonomic}

Logging:
Log output configuration:
 #0: stdout all=warning uptime,level,tags
 #1: stderr all=off uptime,level,tags

Environment Variables:
JAVA_HOME=C:\Program Files\Java\jdk1.8.0_241\bin
PATH=C:/Program Files/Git/mingw64/libexec/git-core;C:/Program Files/Git/mingw64/libexec/git-core;C:\Program Files\Git\mingw64\bin;C:\Program Files\Git\usr\bin;C:\Users\carlo\bin;C:\Program Files (x86)\Common Files\Oracle\Java\javapath;C:\Windows\system32;C:\Windows;C:\Windows\System32\Wbem;C:\Windows\System32\WindowsPowerShell\v1.0\;C:\Windows\System32\OpenSSH\;C:\Program Files\NVIDIA Corporation\NVIDIA NvDLISR;C:\Program Files (x86)\NVIDIA Corporation\PhysX\Common;C:\Program Files\Java\jdk1.8.0_241\bin\bin;C:\Program Files\Git\cmd;C:\Ruby27-x64\bin;C:\Users\carlo\AppData\Local\Microsoft\WindowsApps;C:\Users\carlo\AppData\Local\GitHubDesktop\bin
USERNAME=carlo
DISPLAY=:0.0
OS=Windows_NT
PROCESSOR_IDENTIFIER=Intel64 Family 6 Model 158 Stepping 10, GenuineIntel



---------------  S Y S T E M  ---------------

OS: Windows 10 , 64 bit Build 18362 (10.0.18362.329)

CPU:total 8 (initial active 8) (4 cores per cpu, 2 threads per core) family 6 model 158 stepping 10, cmov, cx8, fxsr, mmx, sse, sse2, sse3, ssse3, sse4.1, sse4.2, popcnt, avx, avx2, aes, clmul, erms, 3dnowpref, lzcnt, ht, tsc, tscinvbit, bmi1, bmi2, adx, fma

Memory: 4k page, system-wide physical 8081M (1299M free)
TotalPageFile size 32657M (AvailPageFile size 16M)
current process WorkingSet (physical memory assigned to process): 9M, peak: 9M
current process commit charge ("private bytes"): 60M, peak: 188M

vm_info: OpenJDK 64-Bit Server VM (11.0.5+10-b520.38) for windows-amd64 JRE (11.0.5+10-b520.38), built on Jan 23 2020 07:58:32 by "" with MS VC++ 14.0 (VS2015)

END.
